<?xml version="1.0" encoding="UTF-8"?>
<!-- Generated by org.testng.reporters.JUnitReportReporter -->
<testsuite skipped="0" hostname="ustj44" name="HowToUseActions.ActionClass" tests="1" failures="0" timestamp="10 Apr 2020 11:22:26 GMT" time="17.174" errors="0">
  <testcase name="actionHowTo" time="17.174" classname="HowToUseActions.ActionClass"/>
</testsuite> <!-- HowToUseActions.ActionClass -->
