<?xml version="1.0" encoding="UTF-8"?>
<!-- Generated by org.testng.reporters.JUnitReportReporter -->
<testsuite skipped="0" hostname="ustj44" name="assignment.Assignments" tests="1" failures="0" timestamp="12 Apr 2020 11:06:23 GMT" time="69.825" errors="0">
  <testcase name="f" time="69.825" classname="assignment.Assignments"/>
</testsuite> <!-- assignment.Assignments -->
