<?xml version="1.0" encoding="UTF-8"?>
<!-- Generated by org.testng.reporters.JUnitReportReporter -->
<testsuite skipped="0" hostname="ustj44" name="annotations.firstFile" tests="2" failures="0" timestamp="22 Apr 2020 10:56:46 GMT" time="0.016" errors="0">
  <testcase name="test2" time="0.000" classname="annotations.firstFile"/>
  <testcase name="test1" time="0.016" classname="annotations.firstFile"/>
</testsuite> <!-- annotations.firstFile -->
