<?xml version="1.0" encoding="UTF-8"?>
<!-- Generated by org.testng.reporters.JUnitReportReporter -->
<testsuite skipped="0" hostname="ustj44" name="annotations.secondFile" tests="1" failures="0" timestamp="22 Apr 2020 10:56:46 GMT" time="0.000" errors="0">
  <testcase name="test1" time="0.000" classname="annotations.secondFile"/>
</testsuite> <!-- annotations.secondFile -->
